Date 2023-01-24 - 23:32
Function : Send DMX frameskip !
----------------------------------------------------------------------
Date 2023-01-25 - 18:10
Function : Send DMX frameskip !
----------------------------------------------------------------------
Date 2023-01-25 - 23:42
Function : Send DMX frameskip !
----------------------------------------------------------------------
Date 2023-01-26 - 21:21
Function : Send DMX frameskip !
----------------------------------------------------------------------
Date 2023-01-27 - 05:58
Function : Send DMX frameskip !
----------------------------------------------------------------------
Date 2023-02-10 - 13:55
Function : Send DMX frameskip !
----------------------------------------------------------------------
Date 2023-02-11 - 11:23
Function : Send DMX frameskip !
----------------------------------------------------------------------
Date 2023-02-11 - 11:26
Function : Send DMX frameskip !
----------------------------------------------------------------------
Date 2026-01-20 - 23:38
Function : Send DMX frameskip !
----------------------------------------------------------------------
Date 2026-01-20 - 23:39
Function : Send DMX frameskip !
----------------------------------------------------------------------
Date 2026-01-20 - 23:40
Function : Send DMX frameskip !
----------------------------------------------------------------------
Date 2026-01-20 - 23:41
Function : Send DMX frameskip !
----------------------------------------------------------------------
Date 2026-01-20 - 23:42
Function : Send DMX frameskip !
----------------------------------------------------------------------
Date 2026-01-20 - 23:43
Function : Send DMX frameskip !
----------------------------------------------------------------------
Date 2026-01-20 - 23:44
Function : Send DMX frameskip !
----------------------------------------------------------------------
Date 2026-01-20 - 23:45
Function : Send DMX frameskip !
----------------------------------------------------------------------
Date 2026-01-20 - 23:46
Function : Send DMX frameskip !
----------------------------------------------------------------------
Date 2026-01-20 - 23:47
Function : Send DMX frameskip !
----------------------------------------------------------------------
Date 2026-01-20 - 23:48
Function : Send DMX frameskip !
----------------------------------------------------------------------
Date 2026-01-20 - 23:49
Function : Send DMX frameskip !
----------------------------------------------------------------------
Date 2026-01-20 - 23:50
Function : Send DMX frameskip !
----------------------------------------------------------------------
Date 2026-01-20 - 23:51
Function : Send DMX frameskip !
----------------------------------------------------------------------
Date 2026-01-20 - 23:52
Function : Send DMX frameskip !
----------------------------------------------------------------------
Date 2026-01-20 - 23:53
Function : Send DMX frameskip !
----------------------------------------------------------------------
Date 2026-01-20 - 23:54
Function : Send DMX frameskip !
----------------------------------------------------------------------
Date 2026-01-20 - 23:55
Function : Send DMX frameskip !
----------------------------------------------------------------------
Date 2026-01-20 - 23:56
Function : Send DMX frameskip !
----------------------------------------------------------------------
Date 2026-01-20 - 23:57
Function : Send DMX frameskip !
----------------------------------------------------------------------
Date 2026-01-20 - 23:58
Function : Send DMX frameskip !
----------------------------------------------------------------------
Date 2026-01-20 - 23:59
Function : Send DMX frameskip !
----------------------------------------------------------------------
Date 2026-01-21 - 00:00
Function : Send DMX frameskip !
----------------------------------------------------------------------
Date 2026-01-21 - 00:01
Function : Send DMX frameskip !
----------------------------------------------------------------------
Date 2026-01-21 - 00:02
Function : Send DMX frameskip !
----------------------------------------------------------------------
Date 2026-01-21 - 00:03
Function : Send DMX frameskip !
----------------------------------------------------------------------
Date 2026-01-21 - 00:04
Function : Send DMX frameskip !
----------------------------------------------------------------------
Date 2026-01-21 - 00:05
Function : Send DMX frameskip !
----------------------------------------------------------------------
Date 2026-01-21 - 00:06
Function : Send DMX frameskip !
----------------------------------------------------------------------
Date 2026-01-21 - 00:07
Function : Send DMX frameskip !
----------------------------------------------------------------------
Date 2026-01-21 - 00:08
Function : Send DMX frameskip !
----------------------------------------------------------------------
Date 2026-01-21 - 00:09
Function : Send DMX frameskip !
----------------------------------------------------------------------
Date 2026-01-21 - 00:10
Function : Send DMX frameskip !
----------------------------------------------------------------------
Date 2026-01-21 - 00:11
Function : Send DMX frameskip !
----------------------------------------------------------------------
Date 2026-01-21 - 00:12
Function : Send DMX frameskip !
----------------------------------------------------------------------
Date 2026-01-21 - 00:13
Function : Send DMX frameskip !
----------------------------------------------------------------------
Date 2026-01-21 - 00:14
Function : Send DMX frameskip !
----------------------------------------------------------------------
Date 2026-01-21 - 00:15
Function : Send DMX frameskip !
----------------------------------------------------------------------
Date 2026-01-21 - 00:16
Function : Send DMX frameskip !
----------------------------------------------------------------------
Date 2026-01-21 - 00:17
Function : Send DMX frameskip !
----------------------------------------------------------------------
Date 2026-01-21 - 00:18
Function : Send DMX frameskip !
----------------------------------------------------------------------
Date 2026-01-21 - 00:19
Function : Send DMX frameskip !
----------------------------------------------------------------------
Date 2026-02-07 - 15:37
Function : Send DMX frameskip !
----------------------------------------------------------------------
Date 2026-02-07 - 15:38
Function : Send DMX frameskip !
----------------------------------------------------------------------
Date 2026-02-07 - 15:39
Function : Send DMX frameskip !
----------------------------------------------------------------------
Date 2026-02-07 - 19:09
Function : Send DMX frameskip !
----------------------------------------------------------------------
Date 2026-02-07 - 19:39
Function : Send DMX frameskip !
----------------------------------------------------------------------
Date 2026-02-08 - 12:15
Function : Send 3DView frameskip !
----------------------------------------------------------------------
Date 2026-02-08 - 13:15
Function : Send 3DView frameskip !
----------------------------------------------------------------------
Date 2026-02-08 - 13:34
Function : Send DMX frameskip !
----------------------------------------------------------------------
Date 2026-02-08 - 13:34
Function : Send 3DView frameskip !
----------------------------------------------------------------------
Date 2026-02-08 - 13:35
Function : Send DMX frameskip !
----------------------------------------------------------------------
Date 2026-02-08 - 13:36
Function : Send DMX frameskip !
----------------------------------------------------------------------
Date 2026-02-08 - 13:37
Function : Send DMX frameskip !
----------------------------------------------------------------------
Date 2026-02-08 - 13:37
Function : Send 3DView frameskip !
----------------------------------------------------------------------
Date 2026-02-09 - 13:32
Function : Send 3DView frameskip !
----------------------------------------------------------------------
Date 2026-02-09 - 22:25
Function : Engine thread TIMEOUT ! : Live
----------------------------------------------------------------------
Date 2026-02-10 - 11:04
Function : Send 3DView frameskip !
----------------------------------------------------------------------
Date 2026-02-10 - 11:06
Function : Send 3DView frameskip !
----------------------------------------------------------------------
Date 2026-02-10 - 11:07
Function : Send 3DView frameskip !
----------------------------------------------------------------------
Date 2026-02-10 - 11:08
Function : Send 3DView frameskip !
----------------------------------------------------------------------
Date 2026-02-10 - 11:14
Function : Send 3DView frameskip !
----------------------------------------------------------------------
Date 2026-02-10 - 11:15
Function : Send 3DView frameskip !
----------------------------------------------------------------------
Date 2026-02-10 - 11:39
Function : Send 3DView frameskip !
----------------------------------------------------------------------
Date 2026-02-10 - 11:44
Function : Send 3DView frameskip !
----------------------------------------------------------------------
Date 2026-02-10 - 11:44
Function : Engine thread TIMEOUT ! : Live
----------------------------------------------------------------------
Date 2026-02-10 - 11:46
Function : Send 3DView frameskip !
----------------------------------------------------------------------
Date 2026-02-10 - 11:56
Function : Send 3DView frameskip !
----------------------------------------------------------------------
Date 2026-02-10 - 11:57
Function : Send 3DView frameskip !
----------------------------------------------------------------------
Date 2026-02-10 - 12:00
Function : Send 3DView frameskip !
----------------------------------------------------------------------
Date 2026-02-10 - 12:08
Function : Send 3DView frameskip !
----------------------------------------------------------------------
Date 2026-02-10 - 13:22
Function : Send 3DView frameskip !
----------------------------------------------------------------------
Date 2026-02-10 - 13:26
Function : Send 3DView frameskip !
----------------------------------------------------------------------
Date 2026-02-10 - 13:27
Function : Send 3DView frameskip !
----------------------------------------------------------------------
Date 2026-02-10 - 13:31
Function : Send 3DView frameskip !
----------------------------------------------------------------------
Date 2026-02-10 - 13:37
Function : Send 3DView frameskip !
----------------------------------------------------------------------
Date 2026-02-10 - 13:58
Function : Send 3DView frameskip !
----------------------------------------------------------------------
Date 2026-02-10 - 14:11
Function : Send 3DView frameskip !
----------------------------------------------------------------------
Date 2026-02-10 - 14:15
Function : Send 3DView frameskip !
----------------------------------------------------------------------
Date 2026-02-10 - 14:18
Function : Send 3DView frameskip !
----------------------------------------------------------------------
Date 2026-02-10 - 14:26
Function : Send 3DView frameskip !
----------------------------------------------------------------------
Date 2026-02-10 - 14:43
Function : Send 3DView frameskip !
----------------------------------------------------------------------
Date 2026-02-10 - 14:52
Function : Send 3DView frameskip !
----------------------------------------------------------------------
Date 2026-02-10 - 14:59
Function : Send 3DView frameskip !
----------------------------------------------------------------------
Date 2026-02-10 - 15:32
Function : Engine thread TIMEOUT ! : Live
----------------------------------------------------------------------
Date 2026-02-10 - 19:56
Function : Send 3DView frameskip !
----------------------------------------------------------------------
Date 2026-02-14 - 19:15
Function : Send DMX frameskip !
----------------------------------------------------------------------
Date 2026-02-14 - 19:20
Function : Send DMX frameskip !
----------------------------------------------------------------------
Date 2026-02-14 - 19:23
Function : Send DMX frameskip !
----------------------------------------------------------------------
Date 2026-02-14 - 19:29
Function : Send DMX frameskip !
----------------------------------------------------------------------
Date 2026-02-15 - 00:26
Function : Send DMX frameskip !
----------------------------------------------------------------------
Date 2026-02-15 - 01:15
Function : Send DMX frameskip !
----------------------------------------------------------------------
Date 2026-02-15 - 01:25
Function : Send DMX frameskip !
----------------------------------------------------------------------
Date 2026-02-15 - 15:23
Function : Engine thread TIMEOUT ! : Live
----------------------------------------------------------------------
Date 2026-02-16 - 07:23
Function : Engine thread TIMEOUT ! : Live
----------------------------------------------------------------------
Date 2026-02-16 - 08:40
Function : Engine thread TIMEOUT ! : Live
----------------------------------------------------------------------
